0 info it worked if it ends with ok
1 verbose cli [ '/usr/bin/nodejs', '/usr/bin/npm', 'publish' ]
2 info using npm@3.8.6
3 info using node@v6.1.0
4 verbose publish [ '.' ]
5 silly cache add args [ '.', null ]
6 verbose cache add spec .
7 silly cache add parsed spec Result {
7 silly cache add   raw: '.',
7 silly cache add   scope: null,
7 silly cache add   name: null,
7 silly cache add   rawSpec: '.',
7 silly cache add   spec: '/home/snapiz/Projects/d2js',
7 silly cache add   type: 'directory' }
8 verbose addLocalDirectory /home/snapiz/.npm/d2js/1.0.0/package.tgz not in flight; packing
9 verbose correctMkdir /home/snapiz/.npm correctMkdir not in flight; initializing
10 info lifecycle d2js@1.0.0~prepublish: d2js@1.0.0
11 verbose lifecycle d2js@1.0.0~prepublish: unsafe-perm in lifecycle true
12 verbose lifecycle d2js@1.0.0~prepublish: PATH: /usr/lib/node_modules/npm/bin/node-gyp-bin:/home/snapiz/Projects/d2js/node_modules/.bin:/usr/bin:/usr/local/sbin:/usr/local/bin:/usr/sbin:/usr/bin:/sbin:/bin:/usr/games:/usr/local/games:/snap/bin
13 verbose lifecycle d2js@1.0.0~prepublish: CWD: /home/snapiz/Projects/d2js
14 silly lifecycle d2js@1.0.0~prepublish: Args: [ '-c', 'gulp prepublish' ]
15 silly lifecycle d2js@1.0.0~prepublish: Returned: code: 0  signal: null
16 verbose tar pack [ '/home/snapiz/.npm/d2js/1.0.0/package.tgz',
16 verbose tar pack   '/home/snapiz/Projects/d2js' ]
17 verbose tarball /home/snapiz/.npm/d2js/1.0.0/package.tgz
18 verbose folder /home/snapiz/Projects/d2js
19 verbose addLocalTarball adding from inside cache /home/snapiz/.npm/d2js/1.0.0/package.tgz
20 verbose correctMkdir /home/snapiz/.npm correctMkdir not in flight; initializing
21 silly cache afterAdd d2js@1.0.0
22 verbose afterAdd /home/snapiz/.npm/d2js/1.0.0/package/package.json not in flight; writing
23 verbose correctMkdir /home/snapiz/.npm correctMkdir not in flight; initializing
24 verbose afterAdd /home/snapiz/.npm/d2js/1.0.0/package/package.json written
25 silly publish { name: 'd2js',
25 silly publish   version: '1.0.0',
25 silly publish   description: 'common lib for dofus 2.0',
25 silly publish   homepage: 'https://github.com/snapizz97/d2js#readme',
25 silly publish   author: { name: 'Snapiz', email: 'snapizz97@gmail.com' },
25 silly publish   files: [ 'dist' ],
25 silly publish   main: 'dist/index.js',
25 silly publish   keywords: [ 'dofus', 'lib', 'd2', 'dofus2', 'd2i', 'd2o' ],
25 silly publish   devDependencies:
25 silly publish    { 'babel-core': '^5.5.0',
25 silly publish      'babel-eslint': '^4.1.8',
25 silly publish      del: '^2.0.2',
25 silly publish      eslint: '^2.1.0',
25 silly publish      'eslint-config-xo-space': '^0.12.0',
25 silly publish      'eslint-plugin-babel': '^3.1.0',
25 silly publish      gulp: '^3.9.0',
25 silly publish      'gulp-babel': '^5.1.0',
25 silly publish      'gulp-coveralls': '^0.1.0',
25 silly publish      'gulp-eslint': '^2.0.0',
25 silly publish      'gulp-exclude-gitignore': '^1.0.0',
25 silly publish      'gulp-istanbul': '^0.10.3',
25 silly publish      'gulp-jasmine': '^2.3.0',
25 silly publish      'gulp-line-ending-corrector': '^1.0.1',
25 silly publish      'gulp-mocha': '^2.0.0',
25 silly publish      'gulp-nsp': '^2.1.0',
25 silly publish      'gulp-plumber': '^1.0.0',
25 silly publish      isparta: '^3.0.3' },
25 silly publish   eslintConfig: { extends: 'xo-space', env: { mocha: false } },
25 silly publish   repository:
25 silly publish    { type: 'git',
25 silly publish      url: 'git+https://github.com/snapizz97/d2js.git' },
25 silly publish   scripts: { prepublish: 'gulp prepublish', test: 'gulp' },
25 silly publish   license: 'MIT',
25 silly publish   dependencies: { bytearray2: '^2.0.1' },
25 silly publish   readme: '# d-2-js [![NPM version][npm-image]][npm-url] [![Build Status][travis-image]][travis-url] [![Dependency Status][daviddm-image]][daviddm-url] [![Coverage percentage][coveralls-image]][coveralls-url]\n> common lib for dofus 2.0\n\n## Installation\n\n```sh\n$ npm install --save d2js\n```\n\n## Usage\n\n```js\nvar d2Js = require(\'d2js\');\n\n```\nfor now, check test to know how it works\n## License\n\nMIT © [Snapiz]()\n\n\n[npm-image]: https://badge.fury.io/js/d-2-js.svg\n[npm-url]: https://npmjs.org/package/d-2-js\n[travis-image]: https://travis-ci.org/Snapizz97/d-2-js.svg?branch=master\n[travis-url]: https://travis-ci.org/Snapizz97/d-2-js\n[daviddm-image]: https://david-dm.org/Snapizz97/d-2-js.svg?theme=shields.io\n[daviddm-url]: https://david-dm.org/Snapizz97/d-2-js\n[coveralls-image]: https://coveralls.io/repos/Snapizz97/d-2-js/badge.svg\n[coveralls-url]: https://coveralls.io/r/Snapizz97/d-2-js\n',
25 silly publish   readmeFilename: 'README.md',
25 silly publish   gitHead: 'faee93da4ce85c855f2ff53535217111d01079c2',
25 silly publish   bugs: { url: 'https://github.com/snapizz97/d2js/issues' },
25 silly publish   _id: 'd2js@1.0.0',
25 silly publish   _shasum: '82fe2b1f7693bd3f872a1bb88db6d50f19f78721',
25 silly publish   _from: '.' }
26 verbose getPublishConfig undefined
27 silly mapToRegistry name d2js
28 silly mapToRegistry using default registry
29 silly mapToRegistry registry https://registry.npmjs.org/
30 silly mapToRegistry data Result {
30 silly mapToRegistry   raw: 'd2js',
30 silly mapToRegistry   scope: null,
30 silly mapToRegistry   name: 'd2js',
30 silly mapToRegistry   rawSpec: '',
30 silly mapToRegistry   spec: 'latest',
30 silly mapToRegistry   type: 'tag' }
31 silly mapToRegistry uri https://registry.npmjs.org/d2js
32 verbose publish registryBase https://registry.npmjs.org/
33 silly publish uploading /home/snapiz/.npm/d2js/1.0.0/package.tgz
34 verbose request uri https://registry.npmjs.org/d2js
35 verbose request sending authorization for write operation
36 info attempt registry request try #1 at 19:05:06
37 verbose request using bearer token for auth
38 verbose request id 594845c6d40cf2a8
39 http request PUT https://registry.npmjs.org/d2js
40 http 403 https://registry.npmjs.org/d2js
41 verbose headers { 'content-type': 'application/json',
41 verbose headers   'cache-control': 'max-age=300',
41 verbose headers   'content-length': '95',
41 verbose headers   'accept-ranges': 'bytes',
41 verbose headers   date: 'Sun, 08 May 2016 17:05:08 GMT',
41 verbose headers   via: '1.1 varnish',
41 verbose headers   connection: 'keep-alive',
41 verbose headers   'x-served-by': 'cache-ams4134-AMS',
41 verbose headers   'x-cache': 'MISS',
41 verbose headers   'x-cache-hits': '0',
41 verbose headers   'x-timer': 'S1462727107.267657,VS0,VE999',
41 verbose headers   vary: 'Accept-Encoding' }
42 verbose request invalidating /home/snapiz/.npm/registry.npmjs.org/d2js on PUT
43 error publish Failed PUT 403
44 verbose stack Error: "You cannot publish over the previously published version 1.0.0." : d2js
44 verbose stack     at makeError (/usr/lib/node_modules/npm/node_modules/npm-registry-client/lib/request.js:264:12)
44 verbose stack     at CachingRegistryClient.<anonymous> (/usr/lib/node_modules/npm/node_modules/npm-registry-client/lib/request.js:252:14)
44 verbose stack     at Request._callback (/usr/lib/node_modules/npm/node_modules/npm-registry-client/lib/request.js:172:14)
44 verbose stack     at Request.self.callback (/usr/lib/node_modules/npm/node_modules/request/request.js:199:22)
44 verbose stack     at emitTwo (events.js:106:13)
44 verbose stack     at Request.emit (events.js:191:7)
44 verbose stack     at Request.<anonymous> (/usr/lib/node_modules/npm/node_modules/request/request.js:1036:10)
44 verbose stack     at emitOne (events.js:101:20)
44 verbose stack     at Request.emit (events.js:188:7)
44 verbose stack     at IncomingMessage.<anonymous> (/usr/lib/node_modules/npm/node_modules/request/request.js:963:12)
45 verbose statusCode 403
46 verbose pkgid d2js
47 verbose cwd /home/snapiz/Projects/d2js
48 error Linux 4.4.0-22-generic
49 error argv "/usr/bin/nodejs" "/usr/bin/npm" "publish"
50 error node v6.1.0
51 error npm  v3.8.6
52 error code E403
53 error "You cannot publish over the previously published version 1.0.0." : d2js
54 error If you need help, you may report this error at:
54 error     <https://github.com/npm/npm/issues>
55 verbose exit [ 1, true ]
